<?xml version="1.0" encoding="UTF-8"?>
<!-- Generated by org.testng.reporters.JUnitReportReporter -->
<testsuite hostname="Irin_Mariya" failures="0" tests="1" name="demo.NewTest" time="0.015" errors="0" timestamp="2024-02-27T12:15:46 IST" skipped="0">
  <testcase classname="demo.NewTest" name="f" time="0.015"/>
  <system-out/>
</testsuite> <!-- demo.NewTest -->
